This is pdfTeX, Version 3.141592653-2.6-1.40.22 (TeX Live 2021) (preloaded format=pdflatex 2021.8.4)  8 AUG 2023 11:47
entering extended mode
 restricted \write18 enabled.
 file:line:error style messages enabled.
 %&-line parsing enabled.
**"/Users/stsair/repo/githubRepos/math/Core Past paper Latex/HKDSE MATH CORE PAPER 2/HKDSE MATH Core Sample Paper II/HKDSE MATH Core Sample Paper II.tex"
(/Users/stsair/repo/githubRepos/math/Core Past paper Latex/HKDSE MATH CORE PAPER 2/HKDSE MATH Core Sample Paper II/HKDSE MATH Core Sample Paper II.tex
LaTeX2e <2020-10-01> patch level 4
L3 programming layer <2021-02-18> (/usr/local/texlive/2021/texmf-dist/tex/latex/base/article.cls
Document Class: article 2020/04/10 v1.4m Standard LaTeX document class
(/usr/local/texlive/2021/texmf-dist/tex/latex/base/size12.clo
File: size12.clo 2020/04/10 v1.4m Standard LaTeX file (size option)
)
\c@part=\count179
\c@section=\count180
\c@subsection=\count181
\c@subsubsection=\count182
\c@paragraph=\count183
\c@subparagraph=\count184
\c@figure=\count185
\c@table=\count186
\abovecaptionskip=\skip47
\belowcaptionskip=\skip48
\bibindent=\dimen138
) (/usr/local/texlive/2021/texmf-dist/tex/latex/amscls/amsthm.sty
Package: amsthm 2020/05/29 v2.20.6
\thm@style=\toks15
\thm@bodyfont=\toks16
\thm@headfont=\toks17
\thm@notefont=\toks18
\thm@headpunct=\toks19
\thm@preskip=\skip49
\thm@postskip=\skip50
\thm@headsep=\skip51
\dth@everypar=\toks20
) (/usr/local/texlive/2021/texmf-dist/tex/latex/amsfonts/amssymb.sty
Package: amssymb 2013/01/14 v3.01 AMS font symbols
 (/usr/local/texlive/2021/texmf-dist/tex/latex/amsfonts/amsfonts.sty
Package: amsfonts 2013/01/14 v3.01 Basic AMSFonts support
\@emptytoks=\toks21
\symAMSa=\mathgroup4
\symAMSb=\mathgroup5
LaTeX Font Info:    Redeclaring math symbol \hbar on input line 98.
LaTeX Font Info:    Overwriting math alphabet `\mathfrak' in version `bold'
(Font)                  U/euf/m/n --> U/euf/b/n on input line 106.
)) (/usr/local/texlive/2021/texmf-dist/tex/latex/amsmath/amsmath.sty
Package: amsmath 2020/09/23 v2.17i AMS math features
\@mathmargin=\skip52

For additional information on amsmath, use the `?' option.
(/usr/local/texlive/2021/texmf-dist/tex/latex/amsmath/amstext.sty
Package: amstext 2000/06/29 v2.01 AMS text
 (/usr/local/texlive/2021/texmf-dist/tex/latex/amsmath/amsgen.sty
File: amsgen.sty 1999/11/30 v2.0 generic functions
\@emptytoks=\toks22
\ex@=\dimen139
)) (/usr/local/texlive/2021/texmf-dist/tex/latex/amsmath/amsbsy.sty
Package: amsbsy 1999/11/29 v1.2d Bold Symbols
\pmbraise@=\dimen140
) (/usr/local/texlive/2021/texmf-dist/tex/latex/amsmath/amsopn.sty
Package: amsopn 2016/03/08 v2.02 operator names
)
\inf@bad=\count187
LaTeX Info: Redefining \frac on input line 234.
\uproot@=\count188
\leftroot@=\count189
LaTeX Info: Redefining \overline on input line 399.
\classnum@=\count190
\DOTSCASE@=\count191
LaTeX Info: Redefining \ldots on input line 496.
LaTeX Info: Redefining \dots on input line 499.
LaTeX Info: Redefining \cdots on input line 620.
\Mathstrutbox@=\box47
\strutbox@=\box48
\big@size=\dimen141
LaTeX Font Info:    Redeclaring font encoding OML on input line 743.
LaTeX Font Info:    Redeclaring font encoding OMS on input line 744.
\macc@depth=\count192
\c@MaxMatrixCols=\count193
\dotsspace@=\muskip16
\c@parentequation=\count194
\dspbrk@lvl=\count195
\tag@help=\toks23
\row@=\count196
\column@=\count197
\maxfields@=\count198
\andhelp@=\toks24
\eqnshift@=\dimen142
\alignsep@=\dimen143
\tagshift@=\dimen144
\tagwidth@=\dimen145
\totwidth@=\dimen146
\lineht@=\dimen147
\@envbody=\toks25
\multlinegap=\skip53
\multlinetaggap=\skip54
\mathdisplay@stack=\toks26
LaTeX Info: Redefining \[ on input line 2923.
LaTeX Info: Redefining \] on input line 2924.
) (/usr/local/texlive/2021/texmf-dist/tex/generic/systeme/systeme.sty (/usr/local/texlive/2021/texmf-dist/tex/generic/xstring/xstring.sty (/usr/local/texlive/2021/texmf-dist/tex/generic/xstring/xstring.tex
\integerpart=\count199
\decimalpart=\count266
)
Package: xstring 2019/02/06 v1.83 String manipulations (CT)
) (/usr/local/texlive/2021/texmf-dist/tex/generic/systeme/systeme.tex
\SYS_systemecode=\toks27
\SYS_systempreamble=\toks28
\SYSeqnum=\count267
)
Package: systeme 2020/05/03 v0.34 Mise en forme de systemes d'equations (CT)
) (/usr/local/texlive/2021/texmf-dist/tex/latex/adjustbox/adjustbox.sty
Package: adjustbox 2020/08/19 v1.3 Adjusting TeX boxes (trim, clip, ...)
 (/usr/local/texlive/2021/texmf-dist/tex/latex/xkeyval/xkeyval.sty
Package: xkeyval 2020/11/20 v2.8 package option processing (HA)
 (/usr/local/texlive/2021/texmf-dist/tex/generic/xkeyval/xkeyval.tex (/usr/local/texlive/2021/texmf-dist/tex/generic/xkeyval/xkvutils.tex
\XKV@toks=\toks29
\XKV@tempa@toks=\toks30
 (/usr/local/texlive/2021/texmf-dist/tex/generic/xkeyval/keyval.tex))
\XKV@depth=\count268
File: xkeyval.tex 2014/12/03 v2.7a key=value parser (HA)
)) (/usr/local/texlive/2021/texmf-dist/tex/latex/adjustbox/adjcalc.sty
Package: adjcalc 2012/05/16 v1.1 Provides advanced setlength with multiple back-ends (calc, etex, pgfmath)
) (/usr/local/texlive/2021/texmf-dist/tex/latex/adjustbox/trimclip.sty
Package: trimclip 2020/08/19 v1.2 Trim and clip general TeX material
 (/usr/local/texlive/2021/texmf-dist/tex/latex/graphics/graphicx.sty
Package: graphicx 2020/09/09 v1.2b Enhanced LaTeX Graphics (DPC,SPQR)
 (/usr/local/texlive/2021/texmf-dist/tex/latex/graphics/graphics.sty
Package: graphics 2020/08/30 v1.4c Standard LaTeX Graphics (DPC,SPQR)
 (/usr/local/texlive/2021/texmf-dist/tex/latex/graphics/trig.sty
Package: trig 2016/01/03 v1.10 sin cos tan (DPC)
) (/usr/local/texlive/2021/texmf-dist/tex/latex/graphics-cfg/graphics.cfg
File: graphics.cfg 2016/06/04 v1.11 sample graphics configuration
)
Package graphics Info: Driver file: pdftex.def on input line 105.
 (/usr/local/texlive/2021/texmf-dist/tex/latex/graphics-def/pdftex.def
File: pdftex.def 2020/10/05 v1.2a Graphics/color driver for pdftex
))
\Gin@req@height=\dimen148
\Gin@req@width=\dimen149
) (/usr/local/texlive/2021/texmf-dist/tex/latex/collectbox/collectbox.sty
Package: collectbox 2012/05/17 v0.4b Collect macro arguments as boxes
\collectedbox=\box49
)
\tc@llx=\dimen150
\tc@lly=\dimen151
\tc@urx=\dimen152
\tc@ury=\dimen153
Package trimclip Info: Using driver 'tc-pdftex.def'.
 (/usr/local/texlive/2021/texmf-dist/tex/latex/adjustbox/tc-pdftex.def
File: tc-pdftex.def 2019/01/04 v2.2 Clipping driver for pdftex
))
\adjbox@Width=\dimen154
\adjbox@Height=\dimen155
\adjbox@Depth=\dimen156
\adjbox@Totalheight=\dimen157
\adjbox@pwidth=\dimen158
\adjbox@pheight=\dimen159
\adjbox@pdepth=\dimen160
\adjbox@ptotalheight=\dimen161
 (/usr/local/texlive/2021/texmf-dist/tex/latex/ifoddpage/ifoddpage.sty
Package: ifoddpage 2016/04/23 v1.1 Conditionals for odd/even page detection
\c@checkoddpage=\count269
) (/usr/local/texlive/2021/texmf-dist/tex/latex/varwidth/varwidth.sty
Package: varwidth 2009/03/30 ver 0.92;  Variable-width minipages
\@vwid@box=\box50
\sift@deathcycles=\count270
\@vwid@loff=\dimen162
\@vwid@roff=\dimen163
)) (/usr/local/texlive/2021/texmf-dist/tex/latex/float/float.sty
Package: float 2001/11/08 v1.3d Float enhancements (AL)
\c@float@type=\count271
\float@exts=\toks31
\float@box=\box51
\@float@everytoks=\toks32
\@floatcapt=\box52
) (/usr/local/texlive/2021/texmf-dist/tex/latex/wrapfig/wrapfig.sty
\wrapoverhang=\dimen164
\WF@size=\dimen165
\c@WF@wrappedlines=\count272
\WF@box=\box53
\WF@everypar=\toks33
Package: wrapfig 2003/01/31  v 3.6
) (/usr/local/texlive/2021/texmf-dist/tex/latex/tools/tabularx.sty
Package: tabularx 2020/01/15 v2.11c `tabularx' package (DPC)
 (/usr/local/texlive/2021/texmf-dist/tex/latex/tools/array.sty
Package: array 2020/10/01 v2.5c Tabular extension package (FMi)
\col@sep=\dimen166
\ar@mcellbox=\box54
\extrarowheight=\dimen167
\NC@list=\toks34
\extratabsurround=\skip55
\backup@length=\skip56
\ar@cellbox=\box55
)
\TX@col@width=\dimen168
\TX@old@table=\dimen169
\TX@old@col=\dimen170
\TX@target=\dimen171
\TX@delta=\dimen172
\TX@cols=\count273
\TX@ftn=\toks35
) (/usr/local/texlive/2021/texmf-dist/tex/latex/enumitem/enumitem.sty
Package: enumitem 2019/06/20 v3.9 Customized lists
\enitkv@toks@=\toks36
\labelindent=\skip57
\enit@outerparindent=\dimen173
\enit@toks=\toks37
\enit@inbox=\box56
\enit@count@id=\count274
\enitdp@description=\count275
) (/usr/local/texlive/2021/texmf-dist/tex/latex/l3backend/l3backend-pdftex.def
File: l3backend-pdftex.def 2021-03-18 L3 backend support: PDF output (pdfTeX)
\l__color_backend_stack_int=\count276
\l__pdf_internal_box=\box57
) (/Users/stsair/repo/githubRepos/math/Core Past paper Latex/HKDSE MATH CORE PAPER 2/HKDSE MATH Core Sample Paper II/HKDSE MATH Core Sample Paper II.aux)
\openout1 = `"HKDSE MATH Core Sample Paper II.aux"'.

LaTeX Font Info:    Checking defaults for OML/cmm/m/it on input line 38.
LaTeX Font Info:    ... okay on input line 38.
LaTeX Font Info:    Checking defaults for OMS/cmsy/m/n on input line 38.
LaTeX Font Info:    ... okay on input line 38.
LaTeX Font Info:    Checking defaults for OT1/cmr/m/n on input line 38.
LaTeX Font Info:    ... okay on input line 38.
LaTeX Font Info:    Checking defaults for T1/cmr/m/n on input line 38.
LaTeX Font Info:    ... okay on input line 38.
LaTeX Font Info:    Checking defaults for TS1/cmr/m/n on input line 38.
LaTeX Font Info:    ... okay on input line 38.
LaTeX Font Info:    Checking defaults for OMX/cmex/m/n on input line 38.
LaTeX Font Info:    ... okay on input line 38.
LaTeX Font Info:    Checking defaults for U/cmr/m/n on input line 38.
LaTeX Font Info:    ... okay on input line 38.
 (/usr/local/texlive/2021/texmf-dist/tex/context/base/mkii/supp-pdf.mkii
[Loading MPS to PDF converter (version 2006.09.02).]
\scratchcounter=\count277
\scratchdimen=\dimen174
\scratchbox=\box58
\nofMPsegments=\count278
\nofMParguments=\count279
\everyMPshowfont=\toks38
\MPscratchCnt=\count280
\MPscratchDim=\dimen175
\MPnumerator=\count281
\makeMPintoPDFobject=\count282
\everyMPtoPDFconversion=\toks39
) (/usr/local/texlive/2021/texmf-dist/tex/latex/epstopdf-pkg/epstopdf-base.sty
Package: epstopdf-base 2020-01-24 v2.11 Base part for package epstopdf
Package epstopdf-base Info: Redefining graphics rule for `.eps' on input line 485.
 (/usr/local/texlive/2021/texmf-dist/tex/latex/latexconfig/epstopdf-sys.cfg
File: epstopdf-sys.cfg 2010/07/13 v1.3 Configuration of (r)epstopdf for TeX Live
))
LaTeX Font Info:    Trying to load font information for U+msa on input line 49.
 (/usr/local/texlive/2021/texmf-dist/tex/latex/amsfonts/umsa.fd
File: umsa.fd 2013/01/14 v3.01 AMS symbols A
)
LaTeX Font Info:    Trying to load font information for U+msb on input line 49.
 (/usr/local/texlive/2021/texmf-dist/tex/latex/amsfonts/umsb.fd
File: umsb.fd 2013/01/14 v3.01 AMS symbols B
) [1

{/usr/local/texlive/2021/texmf-var/fonts/map/pdftex/updmap/pdftex.map}]
<SPFigure//SPFigure2.8.png, id=11, 231.86626pt x 200.75pt>
File: SPFigure//SPFigure2.8.png Graphic file (type png)
<use SPFigure//SPFigure2.8.png>
Package pdftex.def Info: SPFigure//SPFigure2.8.png  used on input line 128.
(pdftex.def)             Requested size: 185.49324pt x 160.6002pt.
 [2 </Users/stsair/repo/githubRepos/math/Core Past paper Latex/HKDSE MATH CORE PAPER 2/HKDSE MATH Core Sample Paper II/SPFigure//SPFigure2.8.png>] [3]
<SPFigure//SPFigure2.16.png, id=22, 185.69376pt x 185.69376pt>
File: SPFigure//SPFigure2.16.png Graphic file (type png)
<use SPFigure//SPFigure2.16.png>
Package pdftex.def Info: SPFigure//SPFigure2.16.png  used on input line 199.
(pdftex.def)             Requested size: 157.9144pt x 157.91693pt.
<SPFigure//SPFigure2.17.png, id=23, 566.115pt x 147.55125pt>
File: SPFigure//SPFigure2.17.png Graphic file (type png)
<use SPFigure//SPFigure2.17.png>
Package pdftex.def Info: SPFigure//SPFigure2.17.png  used on input line 212.
(pdftex.def)             Requested size: 368.46156pt x 96.03775pt.

Underfull \hbox (badness 10000) in paragraph at lines 208--213

 []

[4 </Users/stsair/repo/githubRepos/math/Core Past paper Latex/HKDSE MATH CORE PAPER 2/HKDSE MATH Core Sample Paper II/SPFigure//SPFigure2.16.png>]
<SPFigure//SPFigure2.18.png, id=28, 274.02374pt x 123.46124pt>
File: SPFigure//SPFigure2.18.png Graphic file (type png)
<use SPFigure//SPFigure2.18.png>
Package pdftex.def Info: SPFigure//SPFigure2.18.png  used on input line 226.
(pdftex.def)             Requested size: 368.46156pt x 166.02306pt.
<SPFigure//SPFigure2.20.png, id=29, 211.79124pt x 147.55125pt>
File: SPFigure//SPFigure2.20.png Graphic file (type png)
<use SPFigure//SPFigure2.20.png>
Package pdftex.def Info: SPFigure//SPFigure2.20.png  used on input line 248.
(pdftex.def)             Requested size: 368.46156pt x 256.71005pt.
 [5 </Users/stsair/repo/githubRepos/math/Core Past paper Latex/HKDSE MATH CORE PAPER 2/HKDSE MATH Core Sample Paper II/SPFigure//SPFigure2.17.png> </Users/stsair/repo/githubRepos/math/Core Past paper Latex/HKDSE MATH CORE PAPER 2/HKDSE MATH Core Sample Paper II/SPFigure//SPFigure2.18.png>]
<SPFigure//SPFigure2.21.png, id=36, 309.155pt x 168.63pt>
File: SPFigure//SPFigure2.21.png Graphic file (type png)
<use SPFigure//SPFigure2.21.png>
Package pdftex.def Info: SPFigure//SPFigure2.21.png  used on input line 261.
(pdftex.def)             Requested size: 368.46156pt x 200.99638pt.
 [6 </Users/stsair/repo/githubRepos/math/Core Past paper Latex/HKDSE MATH CORE PAPER 2/HKDSE MATH Core Sample Paper II/SPFigure//SPFigure2.20.png> </Users/stsair/repo/githubRepos/math/Core Past paper Latex/HKDSE MATH CORE PAPER 2/HKDSE MATH Core Sample Paper II/SPFigure//SPFigure2.21.png>]
<SPFigure//SPFigure2.22.png, id=43, 253.94875pt x 250.9375pt>
File: SPFigure//SPFigure2.22.png Graphic file (type png)
<use SPFigure//SPFigure2.22.png>
Package pdftex.def Info: SPFigure//SPFigure2.22.png  used on input line 274.
(pdftex.def)             Requested size: 368.46156pt x 364.10658pt.
<SPFigure//SPFigure2.23.png, id=44, 402.50375pt x 283.0575pt>
File: SPFigure//SPFigure2.23.png Graphic file (type png)
<use SPFigure//SPFigure2.23.png>
Package pdftex.def Info: SPFigure//SPFigure2.23.png  used on input line 287.
(pdftex.def)             Requested size: 368.46156pt x 259.116pt.
 [7 </Users/stsair/repo/githubRepos/math/Core Past paper Latex/HKDSE MATH CORE PAPER 2/HKDSE MATH Core Sample Paper II/SPFigure//SPFigure2.22.png>]
<SPFigure//SPFigure2.24.png, id=50, 475.7775pt x 242.9075pt>
File: SPFigure//SPFigure2.24.png Graphic file (type png)
<use SPFigure//SPFigure2.24.png>
Package pdftex.def Info: SPFigure//SPFigure2.24.png  used on input line 300.
(pdftex.def)             Requested size: 368.46156pt x 188.12534pt.
<SPFigure//SPFigure2.25.png, id=51, 409.53pt x 247.92625pt>
File: SPFigure//SPFigure2.25.png Graphic file (type png)
<use SPFigure//SPFigure2.25.png>
Package pdftex.def Info: SPFigure//SPFigure2.25.png  used on input line 313.
(pdftex.def)             Requested size: 368.46156pt x 223.0786pt.
 [8 </Users/stsair/repo/githubRepos/math/Core Past paper Latex/HKDSE MATH CORE PAPER 2/HKDSE MATH Core Sample Paper II/SPFigure//SPFigure2.23.png> </Users/stsair/repo/githubRepos/math/Core Past paper Latex/HKDSE MATH CORE PAPER 2/HKDSE MATH Core Sample Paper II/SPFigure//SPFigure2.24.png>]
<SPFigure//SPFigure2.27.png, id=57, 488.82625pt x 158.5925pt>
File: SPFigure//SPFigure2.27.png Graphic file (type png)
<use SPFigure//SPFigure2.27.png>
Package pdftex.def Info: SPFigure//SPFigure2.27.png  used on input line 335.
(pdftex.def)             Requested size: 368.46156pt x 119.5442pt.
 [9 </Users/stsair/repo/githubRepos/math/Core Past paper Latex/HKDSE MATH CORE PAPER 2/HKDSE MATH Core Sample Paper II/SPFigure//SPFigure2.25.png> </Users/stsair/repo/githubRepos/math/Core Past paper Latex/HKDSE MATH CORE PAPER 2/HKDSE MATH Core Sample Paper II/SPFigure//SPFigure2.27.png>] [10]
<SPFigure//SPFigure2.32.png, id=66, 304.13625pt x 245.91875pt>
File: SPFigure//SPFigure2.32.png Graphic file (type png)
<use SPFigure//SPFigure2.32.png>
Package pdftex.def Info: SPFigure//SPFigure2.32.png  used on input line 410.
(pdftex.def)             Requested size: 368.46156pt x 297.93784pt.
 [11 </Users/stsair/repo/githubRepos/math/Core Past paper Latex/HKDSE MATH CORE PAPER 2/HKDSE MATH Core Sample Paper II/SPFigure//SPFigure2.32.png>]
<SPFigure//SPFigure2.37.png, id=71, 269.005pt x 224.84pt>
File: SPFigure//SPFigure2.37.png Graphic file (type png)
<use SPFigure//SPFigure2.37.png>
Package pdftex.def Info: SPFigure//SPFigure2.37.png  used on input line 464.
(pdftex.def)             Requested size: 368.46156pt x 307.97061pt.
 [12]
<SPFigure//SPFigure2.38.png, id=76, 309.155pt x 247.92625pt>
File: SPFigure//SPFigure2.38.png Graphic file (type png)
<use SPFigure//SPFigure2.38.png>
Package pdftex.def Info: SPFigure//SPFigure2.38.png  used on input line 477.
(pdftex.def)             Requested size: 368.46156pt x 295.51256pt.
 [13 </Users/stsair/repo/githubRepos/math/Core Past paper Latex/HKDSE MATH CORE PAPER 2/HKDSE MATH Core Sample Paper II/SPFigure//SPFigure2.37.png>]
<SPFigure//SPFigure2.40.png, id=82, 325.215pt x 291.0875pt>
File: SPFigure//SPFigure2.40.png Graphic file (type png)
<use SPFigure//SPFigure2.40.png>
Package pdftex.def Info: SPFigure//SPFigure2.40.png  used on input line 499.
(pdftex.def)             Requested size: 368.46156pt x 329.82224pt.
 [14 </Users/stsair/repo/githubRepos/math/Core Past paper Latex/HKDSE MATH CORE PAPER 2/HKDSE MATH Core Sample Paper II/SPFigure//SPFigure2.38.png>]
<SPFigure//SPFigure2.41.png, id=87, 314.17375pt x 292.09125pt>
File: SPFigure//SPFigure2.41.png Graphic file (type png)
<use SPFigure//SPFigure2.41.png>
Package pdftex.def Info: SPFigure//SPFigure2.41.png  used on input line 512.
(pdftex.def)             Requested size: 368.46156pt x 342.57881pt.
 [15 </Users/stsair/repo/githubRepos/math/Core Past paper Latex/HKDSE MATH CORE PAPER 2/HKDSE MATH Core Sample Paper II/SPFigure//SPFigure2.40.png>]
<SPFigure//SPFigure2.42.png, id=92, 326.21875pt x 186.6975pt>
File: SPFigure//SPFigure2.42.png Graphic file (type png)
<use SPFigure//SPFigure2.42.png>
Package pdftex.def Info: SPFigure//SPFigure2.42.png  used on input line 525.
(pdftex.def)             Requested size: 368.46156pt x 210.89163pt.
 [16 </Users/stsair/repo/githubRepos/math/Core Past paper Latex/HKDSE MATH CORE PAPER 2/HKDSE MATH Core Sample Paper II/SPFigure//SPFigure2.41.png> </Users/stsair/repo/githubRepos/math/Core Past paper Latex/HKDSE MATH CORE PAPER 2/HKDSE MATH Core Sample Paper II/SPFigure//SPFigure2.42.png>] [17] (/Users/stsair/repo/githubRepos/math/Core Past paper Latex/HKDSE MATH CORE PAPER 2/HKDSE MATH Core Sample Paper II/HKDSE MATH Core Sample Paper II.aux) ) 
Here is how much of TeX's memory you used:
 4574 strings out of 478994
 68780 string characters out of 5858185
 366459 words of memory out of 5000000
 21975 multiletter control sequences out of 15000+600000
 409324 words of font info for 49 fonts, out of 8000000 for 9000
 1141 hyphenation exceptions out of 8191
 97i,9n,102p,550b,462s stack positions out of 5000i,500n,10000p,200000b,80000s
{/usr/local/texlive/2021/texmf-dist/fonts/enc/dvips/cm-super/cm-super-ts1.enc}</usr/local/texlive/2021/texmf-dist/fonts/type1/public/amsfonts/cm/cmbx12.pfb></usr/local/texlive/2021/texmf-dist/fonts/type1/public/amsfonts/cm/cmex10.pfb></usr/local/texlive/2021/texmf-dist/fonts/type1/public/amsfonts/cm/cmmi12.pfb></usr/local/texlive/2021/texmf-dist/fonts/type1/public/amsfonts/cm/cmmi8.pfb></usr/local/texlive/2021/texmf-dist/fonts/type1/public/amsfonts/cm/cmr12.pfb></usr/local/texlive/2021/texmf-dist/fonts/type1/public/amsfonts/cm/cmr8.pfb></usr/local/texlive/2021/texmf-dist/fonts/type1/public/amsfonts/cm/cmsy10.pfb></usr/local/texlive/2021/texmf-dist/fonts/type1/public/amsfonts/cm/cmsy8.pfb></usr/local/texlive/2021/texmf-dist/fonts/type1/public/amsfonts/symbols/msam10.pfb></usr/local/texlive/2021/texmf-dist/fonts/type1/public/cm-super/sfrm1200.pfb>
Output written on "/Users/stsair/repo/githubRepos/math/Core Past paper Latex/HKDSE MATH CORE PAPER 2/HKDSE MATH Core Sample Paper II/HKDSE MATH Core Sample Paper II.pdf" (17 pages, 515207 bytes).
PDF statistics:
 135 PDF objects out of 1000 (max. 8388607)
 71 compressed objects within 1 object stream
 0 named destinations out of 1000 (max. 500000)
 86 words of extra memory for PDF output out of 10000 (max. 10000000)

