This is pdfTeX, Version 3.141592653-2.6-1.40.22 (TeX Live 2021) (preloaded format=pdflatex 2021.8.4)  23 SEP 2023 18:19
entering extended mode
 restricted \write18 enabled.
 file:line:error style messages enabled.
 %&-line parsing enabled.
**/Users/stsair/Desktop/Math/M2/PastPaperByYear/PastPaperByYear.tex
(/Users/stsair/Desktop/Math/M2/PastPaperByYear/PastPaperByYear.tex
LaTeX2e <2020-10-01> patch level 4
L3 programming layer <2021-02-18> (/usr/local/texlive/2021/texmf-dist/tex/latex/base/report.cls
Document Class: report 2020/04/10 v1.4m Standard LaTeX document class
(/usr/local/texlive/2021/texmf-dist/tex/latex/base/size10.clo
File: size10.clo 2020/04/10 v1.4m Standard LaTeX file (size option)
)
\c@part=\count179
\c@chapter=\count180
\c@section=\count181
\c@subsection=\count182
\c@subsubsection=\count183
\c@paragraph=\count184
\c@subparagraph=\count185
\c@figure=\count186
\c@table=\count187
\abovecaptionskip=\skip47
\belowcaptionskip=\skip48
\bibindent=\dimen138
) (/usr/local/texlive/2021/texmf-dist/tex/latex/amsmath/amsmath.sty
Package: amsmath 2020/09/23 v2.17i AMS math features
\@mathmargin=\skip49

For additional information on amsmath, use the `?' option.
(/usr/local/texlive/2021/texmf-dist/tex/latex/amsmath/amstext.sty
Package: amstext 2000/06/29 v2.01 AMS text
 (/usr/local/texlive/2021/texmf-dist/tex/latex/amsmath/amsgen.sty
File: amsgen.sty 1999/11/30 v2.0 generic functions
\@emptytoks=\toks15
\ex@=\dimen139
)) (/usr/local/texlive/2021/texmf-dist/tex/latex/amsmath/amsbsy.sty
Package: amsbsy 1999/11/29 v1.2d Bold Symbols
\pmbraise@=\dimen140
) (/usr/local/texlive/2021/texmf-dist/tex/latex/amsmath/amsopn.sty
Package: amsopn 2016/03/08 v2.02 operator names
)
\inf@bad=\count188
LaTeX Info: Redefining \frac on input line 234.
\uproot@=\count189
\leftroot@=\count190
LaTeX Info: Redefining \overline on input line 399.
\classnum@=\count191
\DOTSCASE@=\count192
LaTeX Info: Redefining \ldots on input line 496.
LaTeX Info: Redefining \dots on input line 499.
LaTeX Info: Redefining \cdots on input line 620.
\Mathstrutbox@=\box47
\strutbox@=\box48
\big@size=\dimen141
LaTeX Font Info:    Redeclaring font encoding OML on input line 743.
LaTeX Font Info:    Redeclaring font encoding OMS on input line 744.
\macc@depth=\count193
\c@MaxMatrixCols=\count194
\dotsspace@=\muskip16
\c@parentequation=\count195
\dspbrk@lvl=\count196
\tag@help=\toks16
\row@=\count197
\column@=\count198
\maxfields@=\count199
\andhelp@=\toks17
\eqnshift@=\dimen142
\alignsep@=\dimen143
\tagshift@=\dimen144
\tagwidth@=\dimen145
\totwidth@=\dimen146
\lineht@=\dimen147
\@envbody=\toks18
\multlinegap=\skip50
\multlinetaggap=\skip51
\mathdisplay@stack=\toks19
LaTeX Info: Redefining \[ on input line 2923.
LaTeX Info: Redefining \] on input line 2924.
) (/usr/local/texlive/2021/texmf-dist/tex/latex/amsfonts/amssymb.sty
Package: amssymb 2013/01/14 v3.01 AMS font symbols
 (/usr/local/texlive/2021/texmf-dist/tex/latex/amsfonts/amsfonts.sty
Package: amsfonts 2013/01/14 v3.01 Basic AMSFonts support
\symAMSa=\mathgroup4
\symAMSb=\mathgroup5
LaTeX Font Info:    Redeclaring math symbol \hbar on input line 98.
LaTeX Font Info:    Overwriting math alphabet `\mathfrak' in version `bold'
(Font)                  U/euf/m/n --> U/euf/b/n on input line 106.
)) (/usr/local/texlive/2021/texmf-dist/tex/latex/graphics/graphicx.sty
Package: graphicx 2020/09/09 v1.2b Enhanced LaTeX Graphics (DPC,SPQR)
 (/usr/local/texlive/2021/texmf-dist/tex/latex/graphics/keyval.sty
Package: keyval 2014/10/28 v1.15 key=value parser (DPC)
\KV@toks@=\toks20
) (/usr/local/texlive/2021/texmf-dist/tex/latex/graphics/graphics.sty
Package: graphics 2020/08/30 v1.4c Standard LaTeX Graphics (DPC,SPQR)
 (/usr/local/texlive/2021/texmf-dist/tex/latex/graphics/trig.sty
Package: trig 2016/01/03 v1.10 sin cos tan (DPC)
) (/usr/local/texlive/2021/texmf-dist/tex/latex/graphics-cfg/graphics.cfg
File: graphics.cfg 2016/06/04 v1.11 sample graphics configuration
)
Package graphics Info: Driver file: pdftex.def on input line 105.
 (/usr/local/texlive/2021/texmf-dist/tex/latex/graphics-def/pdftex.def
File: pdftex.def 2020/10/05 v1.2a Graphics/color driver for pdftex
))
\Gin@req@height=\dimen148
\Gin@req@width=\dimen149
) (/usr/local/texlive/2021/texmf-dist/tex/latex/float/float.sty
Package: float 2001/11/08 v1.3d Float enhancements (AL)
\c@float@type=\count266
\float@exts=\toks21
\float@box=\box49
\@float@everytoks=\toks22
\@floatcapt=\box50
) (/usr/local/texlive/2021/texmf-dist/tex/latex/geometry/geometry.sty
Package: geometry 2020/01/02 v5.9 Page Geometry
 (/usr/local/texlive/2021/texmf-dist/tex/generic/iftex/ifvtex.sty
Package: ifvtex 2019/10/25 v1.7 ifvtex legacy package. Use iftex instead.
 (/usr/local/texlive/2021/texmf-dist/tex/generic/iftex/iftex.sty
Package: iftex 2020/03/06 v1.0d TeX engine tests
))
\Gm@cnth=\count267
\Gm@cntv=\count268
\c@Gm@tempcnt=\count269
\Gm@bindingoffset=\dimen150
\Gm@wd@mp=\dimen151
\Gm@odd@mp=\dimen152
\Gm@even@mp=\dimen153
\Gm@layoutwidth=\dimen154
\Gm@layoutheight=\dimen155
\Gm@layouthoffset=\dimen156
\Gm@layoutvoffset=\dimen157
\Gm@dimlist=\toks23
) (/usr/local/texlive/2021/texmf-dist/tex/latex/graphics/color.sty
Package: color 2020/02/24 v1.2b Standard LaTeX Color (DPC)
 (/usr/local/texlive/2021/texmf-dist/tex/latex/graphics-cfg/color.cfg
File: color.cfg 2016/01/02 v1.6 sample color configuration
)
Package color Info: Driver file: pdftex.def on input line 147.
) (/usr/local/texlive/2021/texmf-dist/tex/latex/l3backend/l3backend-pdftex.def
File: l3backend-pdftex.def 2021-03-18 L3 backend support: PDF output (pdfTeX)
\l__color_backend_stack_int=\count270
\l__pdf_internal_box=\box51
) (/Users/stsair/Desktop/Math/M2/PastPaperByYear/PastPaperByYear.aux)
\openout1 = `PastPaperByYear.aux'.

LaTeX Font Info:    Checking defaults for OML/cmm/m/it on input line 8.
LaTeX Font Info:    ... okay on input line 8.
LaTeX Font Info:    Checking defaults for OMS/cmsy/m/n on input line 8.
LaTeX Font Info:    ... okay on input line 8.
LaTeX Font Info:    Checking defaults for OT1/cmr/m/n on input line 8.
LaTeX Font Info:    ... okay on input line 8.
LaTeX Font Info:    Checking defaults for T1/cmr/m/n on input line 8.
LaTeX Font Info:    ... okay on input line 8.
LaTeX Font Info:    Checking defaults for TS1/cmr/m/n on input line 8.
LaTeX Font Info:    ... okay on input line 8.
LaTeX Font Info:    Checking defaults for OMX/cmex/m/n on input line 8.
LaTeX Font Info:    ... okay on input line 8.
LaTeX Font Info:    Checking defaults for U/cmr/m/n on input line 8.
LaTeX Font Info:    ... okay on input line 8.
 (/usr/local/texlive/2021/texmf-dist/tex/context/base/mkii/supp-pdf.mkii
[Loading MPS to PDF converter (version 2006.09.02).]
\scratchcounter=\count271
\scratchdimen=\dimen158
\scratchbox=\box52
\nofMPsegments=\count272
\nofMParguments=\count273
\everyMPshowfont=\toks24
\MPscratchCnt=\count274
\MPscratchDim=\dimen159
\MPnumerator=\count275
\makeMPintoPDFobject=\count276
\everyMPtoPDFconversion=\toks25
) (/usr/local/texlive/2021/texmf-dist/tex/latex/epstopdf-pkg/epstopdf-base.sty
Package: epstopdf-base 2020-01-24 v2.11 Base part for package epstopdf
Package epstopdf-base Info: Redefining graphics rule for `.eps' on input line 485.
 (/usr/local/texlive/2021/texmf-dist/tex/latex/latexconfig/epstopdf-sys.cfg
File: epstopdf-sys.cfg 2010/07/13 v1.3 Configuration of (r)epstopdf for TeX Live
))
*geometry* driver: auto-detecting
*geometry* detected driver: pdftex
*geometry* verbose mode - [ preamble ] result:
* driver: pdftex
* paper: a4paper
* layout: <same size as paper>
* layoutoffset:(h,v)=(0.0pt,0.0pt)
* modes: 
* h-part:(L,W,R)=(56.9055pt, 483.69684pt, 56.90553pt)
* v-part:(T,H,B)=(56.9055pt, 731.23582pt, 56.90552pt)
* \paperwidth=597.50787pt
* \paperheight=845.04684pt
* \textwidth=483.69684pt
* \textheight=731.23582pt
* \oddsidemargin=-15.36449pt
* \evensidemargin=-15.36449pt
* \topmargin=-52.36449pt
* \headheight=12.0pt
* \headsep=25.0pt
* \topskip=10.0pt
* \footskip=30.0pt
* \marginparwidth=65.0pt
* \marginparsep=11.0pt
* \columnsep=10.0pt
* \skip\footins=9.0pt plus 4.0pt minus 2.0pt
* \hoffset=0.0pt
* \voffset=0.0pt
* \mag=1000
* \@twocolumnfalse
* \@twosidefalse
* \@mparswitchfalse
* \@reversemarginfalse
* (1in=72.27pt=25.4mm, 1cm=28.453pt)

LaTeX Font Info:    Trying to load font information for U+msa on input line 9.
(/usr/local/texlive/2021/texmf-dist/tex/latex/amsfonts/umsa.fd
File: umsa.fd 2013/01/14 v3.01 AMS symbols A
)
LaTeX Font Info:    Trying to load font information for U+msb on input line 9.
 (/usr/local/texlive/2021/texmf-dist/tex/latex/amsfonts/umsb.fd
File: umsb.fd 2013/01/14 v3.01 AMS symbols B
) [1

{/usr/local/texlive/2021/texmf-var/fonts/map/pdftex/updmap/pdftex.map}] (/Users/stsair/Desktop/Math/M2/PastPaperByYear/PastPaperByYear.toc)
\tf@toc=\write3
\openout3 = `PastPaperByYear.toc'.

 [1

]
Chapter 1.
[2

]
<SPFigure1.png, id=22, 209.78375pt x 171.64125pt>
File: SPFigure1.png Graphic file (type png)
<use SPFigure1.png>
Package pdftex.def Info: SPFigure1.png  used on input line 49.
(pdftex.def)             Requested size: 145.11052pt x 118.7259pt.
<SPFigure2.png, id=24, 354.32375pt x 271.0125pt>
File: SPFigure2.png Graphic file (type png)
<use SPFigure2.png>
Package pdftex.def Info: SPFigure2.png  used on input line 57.
(pdftex.def)             Requested size: 241.84842pt x 184.98491pt.
 [3 </Users/stsair/Desktop/Math/M2/PastPaperByYear/SPFigure1.png> </Users/stsair/Desktop/Math/M2/PastPaperByYear/SPFigure2.png>] [4]
<SPFigure3.png, id=33, 325.215pt x 210.7875pt>
File: SPFigure3.png Graphic file (type png)
<use SPFigure3.png>
Package pdftex.def Info: SPFigure3.png  used on input line 141.
(pdftex.def)             Requested size: 241.84842pt x 156.75867pt.
 [5 </Users/stsair/Desktop/Math/M2/PastPaperByYear/SPFigure3.png>]
Chapter 2.
[6

]
<PPFigure1.png, id=42, 529.98pt x 329.23pt>
File: PPFigure1.png Graphic file (type png)
<use PPFigure1.png>
Package pdftex.def Info: PPFigure1.png  used on input line 222.
(pdftex.def)             Requested size: 241.84842pt x 150.24196pt.
 [7 </Users/stsair/Desktop/Math/M2/PastPaperByYear/PPFigure1.png>]
<PPFigure2.png, id=48, 402.50375pt x 295.1025pt>
File: PPFigure2.png Graphic file (type png)
<use PPFigure2.png>
Package pdftex.def Info: PPFigure2.png  used on input line 256.
(pdftex.def)             Requested size: 241.84842pt x 177.31502pt.
 [8 </Users/stsair/Desktop/Math/M2/PastPaperByYear/PPFigure2.png>]
<PPFigure3.png, id=53, 266.9975pt x 164.615pt>
File: PPFigure3.png Graphic file (type png)
<use PPFigure3.png>
Package pdftex.def Info: PPFigure3.png  used on input line 291.
(pdftex.def)             Requested size: 241.84842pt x 149.11415pt.
<PPFigure4.png, id=54, 258.9675pt x 279.0425pt>
File: PPFigure4.png Graphic file (type png)
<use PPFigure4.png>
Package pdftex.def Info: PPFigure4.png  used on input line 296.
(pdftex.def)             Requested size: 241.84842pt x 260.60962pt.
 [9 </Users/stsair/Desktop/Math/M2/PastPaperByYear/PPFigure3.png> </Users/stsair/Desktop/Math/M2/PastPaperByYear/PPFigure4.png>]
Chapter 3.
[10

]
<2012Figure1n2.png, id=63, 440.64626pt x 188.705pt>
File: 2012Figure1n2.png Graphic file (type png)
<use 2012Figure1n2.png>
Package pdftex.def Info: 2012Figure1n2.png  used on input line 339.
(pdftex.def)             Requested size: 290.22105pt x 124.2894pt.
<2012Figure3.png, id=64, 250.9375pt x 146.5475pt>
File: 2012Figure3.png Graphic file (type png)
<use 2012Figure3.png>
Package pdftex.def Info: 2012Figure3.png  used on input line 352.
(pdftex.def)             Requested size: 193.47577pt x 112.9962pt.
 [11 </Users/stsair/Desktop/Math/M2/PastPaperByYear/2012Figure1n2.png> </Users/stsair/Desktop/Math/M2/PastPaperByYear/2012Figure3.png>]
<2012Figure4.png, id=70, 207.77625pt x 119.44624pt>
File: 2012Figure4.png Graphic file (type png)
<use 2012Figure4.png>
Package pdftex.def Info: 2012Figure4.png  used on input line 384.
(pdftex.def)             Requested size: 241.84842pt x 139.03888pt.
<2012Figure5.png, id=71, 329.23pt x 145.54375pt>
File: 2012Figure5.png Graphic file (type png)
<use 2012Figure5.png>
Package pdftex.def Info: 2012Figure5.png  used on input line 393.
(pdftex.def)             Requested size: 241.84842pt x 106.91672pt.
 [12 </Users/stsair/Desktop/Math/M2/PastPaperByYear/2012Figure4.png> </Users/stsair/Desktop/Math/M2/PastPaperByYear/2012Figure5.png>]
<2012Figure6.png, id=79, 375.4025pt x 225.84375pt>
File: 2012Figure6.png Graphic file (type png)
<use 2012Figure6.png>
Package pdftex.def Info: 2012Figure6.png  used on input line 428.
(pdftex.def)             Requested size: 241.84842pt x 145.50095pt.
 [13 </Users/stsair/Desktop/Math/M2/PastPaperByYear/2012Figure6.png>]
<2012Figure7.png, id=84, 362.35374pt x 239.89626pt>
File: 2012Figure7.png Graphic file (type png)
<use 2012Figure7.png>
Package pdftex.def Info: 2012Figure7.png  used on input line 467.
(pdftex.def)             Requested size: 241.84842pt x 160.11833pt.
<2012Figure8.png, id=85, 379.4175pt x 304.13625pt>
File: 2012Figure8.png Graphic file (type png)
<use 2012Figure8.png>
Package pdftex.def Info: 2012Figure8.png  used on input line 474.
(pdftex.def)             Requested size: 241.84842pt x 193.86688pt.
 [14 </Users/stsair/Desktop/Math/M2/PastPaperByYear/2012Figure7.png> </Users/stsair/Desktop/Math/M2/PastPaperByYear/2012Figure8.png>]
Chapter 4.
[15

]
<2013Figure1.png, id=94, 256.96pt x 186.6975pt>
File: 2013Figure1.png Graphic file (type png)
<use 2013Figure1.png>
Package pdftex.def Info: 2013Figure1.png  used on input line 530.
(pdftex.def)             Requested size: 193.47577pt x 140.57542pt.
<2013Figure2.png, id=95, 201.75375pt x 177.66376pt>
File: 2013Figure2.png Graphic file (type png)
<use 2013Figure2.png>
Package pdftex.def Info: 2013Figure2.png  used on input line 584.
(pdftex.def)             Requested size: 241.84842pt x 212.97313pt.
 [16 </Users/stsair/Desktop/Math/M2/PastPaperByYear/2013Figure1.png>] [17 </Users/stsair/Desktop/Math/M2/PastPaperByYear/2013Figure2.png>]
<2013Figure3n4.png, id=104, 493.845pt x 194.7275pt>
File: 2013Figure3n4.png Graphic file (type png)
<use 2013Figure3n4.png>
Package pdftex.def Info: 2013Figure3n4.png  used on input line 611.
(pdftex.def)             Requested size: 483.69684pt x 190.72466pt.
 [18 </Users/stsair/Desktop/Math/M2/PastPaperByYear/2013Figure3n4.png>]
<2013Figure5.png, id=110, 220.825pt x 182.6825pt>
File: 2013Figure5.png Graphic file (type png)
<use 2013Figure5.png>
Package pdftex.def Info: 2013Figure5.png  used on input line 676.
(pdftex.def)             Requested size: 193.47577pt x 160.0642pt.
 [19 </Users/stsair/Desktop/Math/M2/PastPaperByYear/2013Figure5.png>]
Chapter 5.
[20

]
<2014Figure1.png, id=119, 327.2225pt x 215.80624pt>
File: 2014Figure1.png Graphic file (type png)
<use 2014Figure1.png>
Package pdftex.def Info: 2014Figure1.png  used on input line 739.
(pdftex.def)             Requested size: 241.84842pt x 159.49983pt.
 [21 </Users/stsair/Desktop/Math/M2/PastPaperByYear/2014Figure1.png>]
<2014Figure2.png, id=125, 260.975pt x 264.99pt>
File: 2014Figure2.png Graphic file (type png)
<use 2014Figure2.png>
Package pdftex.def Info: 2014Figure2.png  used on input line 792.
(pdftex.def)             Requested size: 193.47577pt x 196.45343pt.
<2014Figure3.png, id=126, 264.99pt x 271.0125pt>
File: 2014Figure3.png Graphic file (type png)
<use 2014Figure3.png>
Package pdftex.def Info: 2014Figure3.png  used on input line 801.
(pdftex.def)             Requested size: 193.47577pt x 197.87468pt.
 [22 </Users/stsair/Desktop/Math/M2/PastPaperByYear/2014Figure2.png> </Users/stsair/Desktop/Math/M2/PastPaperByYear/2014Figure3.png>]
<2014Figure4.png, id=132, 293.095pt x 200.75pt>
File: 2014Figure4.png Graphic file (type png)
<use 2014Figure4.png>
Package pdftex.def Info: 2014Figure4.png  used on input line 816.
(pdftex.def)             Requested size: 241.84842pt x 165.64835pt.
 [23 </Users/stsair/Desktop/Math/M2/PastPaperByYear/2014Figure4.png>]
<2014Figure5.png, id=137, 414.54875pt x 196.735pt>
File: 2014Figure5.png Graphic file (type png)
<use 2014Figure5.png>
Package pdftex.def Info: 2014Figure5.png  used on input line 872.
(pdftex.def)             Requested size: 241.84842pt x 114.7728pt.
 [24 </Users/stsair/Desktop/Math/M2/PastPaperByYear/2014Figure5.png>]
Chapter 6.
[25

] [26]
<2015Figure1.png, id=149, 298.11375pt x 245.91875pt>
File: 2015Figure1.png Graphic file (type png)
<use 2015Figure1.png>
Package pdftex.def Info: 2015Figure1.png  used on input line 1007.
(pdftex.def)             Requested size: 241.84842pt x 199.50453pt.
 [27 </Users/stsair/Desktop/Math/M2/PastPaperByYear/2015Figure1.png>]
Chapter 7.
[28

] [29] [30]
Chapter 8.
[31

] [32] [33]
Chapter 9.
[34

] [35] [36]
Chapter 10.
[37

] [38] [39]
Chapter 11.
[40

] [41] [42]
Chapter 12.
[43

] [44] [45]
Chapter 13.
[46

] [47] [48]
Chapter 14.
[49

]
<2023Figure1.jpeg, id=227, 720.6925pt x 634.37pt>
File: 2023Figure1.jpeg Graphic file (type jpg)
<use 2023Figure1.jpeg>
Package pdftex.def Info: 2023Figure1.jpeg  used on input line 2104.
(pdftex.def)             Requested size: 241.84842pt x 212.87582pt.
<2023Figure2.jpeg, id=228, 1200.485pt x 512.91624pt>
File: 2023Figure2.jpeg Graphic file (type jpg)
<use 2023Figure2.jpeg>
Package pdftex.def Info: 2023Figure2.jpeg  used on input line 2109.
(pdftex.def)             Requested size: 241.84842pt x 103.32494pt.
 [50 </Users/stsair/Desktop/Math/M2/PastPaperByYear/2023Figure1.jpeg> </Users/stsair/Desktop/Math/M2/PastPaperByYear/2023Figure2.jpeg>] [51] [52] (/Users/stsair/Desktop/Math/M2/PastPaperByYear/PastPaperByYear.aux) ) 
Here is how much of TeX's memory you used:
 3191 strings out of 478994
 44283 string characters out of 5858185
 359539 words of memory out of 5000000
 20646 multiletter control sequences out of 15000+600000
 413200 words of font info for 64 fonts, out of 8000000 for 9000
 1141 hyphenation exceptions out of 8191
 68i,15n,74p,559b,383s stack positions out of 5000i,500n,10000p,200000b,80000s
{/usr/local/texlive/2021/texmf-dist/fonts/enc/dvips/cm-super/cm-super-ts1.enc}</usr/local/texlive/2021/texmf-dist/fonts/type1/public/amsfonts/cm/cmbx10.pfb></usr/local/texlive/2021/texmf-dist/fonts/type1/public/amsfonts/cm/cmbx12.pfb></usr/local/texlive/2021/texmf-dist/fonts/type1/public/amsfonts/cm/cmex10.pfb></usr/local/texlive/2021/texmf-dist/fonts/type1/public/amsfonts/cm/cmmi10.pfb></usr/local/texlive/2021/texmf-dist/fonts/type1/public/amsfonts/cm/cmmi5.pfb></usr/local/texlive/2021/texmf-dist/fonts/type1/public/amsfonts/cm/cmmi7.pfb></usr/local/texlive/2021/texmf-dist/fonts/type1/public/amsfonts/cm/cmr10.pfb></usr/local/texlive/2021/texmf-dist/fonts/type1/public/amsfonts/cm/cmr12.pfb></usr/local/texlive/2021/texmf-dist/fonts/type1/public/amsfonts/cm/cmr5.pfb></usr/local/texlive/2021/texmf-dist/fonts/type1/public/amsfonts/cm/cmr7.pfb></usr/local/texlive/2021/texmf-dist/fonts/type1/public/amsfonts/cm/cmsy10.pfb></usr/local/texlive/2021/texmf-dist/fonts/type1/public/amsfonts/cm/cmsy7.pfb></usr/local/texlive/2021/texmf-dist/fonts/type1/public/amsfonts/cm/cmti10.pfb></usr/local/texlive/2021/texmf-dist/fonts/type1/public/amsfonts/symbols/msam10.pfb></usr/local/texlive/2021/texmf-dist/fonts/type1/public/amsfonts/symbols/msbm10.pfb></usr/local/texlive/2021/texmf-dist/fonts/type1/public/cm-super/sfrm1000.pfb>
Output written on /Users/stsair/Desktop/Math/M2/PastPaperByYear/PastPaperByYear.pdf (53 pages, 1592855 bytes).
PDF statistics:
 292 PDF objects out of 1000 (max. 8388607)
 169 compressed objects within 2 object streams
 0 named destinations out of 1000 (max. 500000)
 131 words of extra memory for PDF output out of 10000 (max. 10000000)

