This is pdfTeX, Version 3.141592653-2.6-1.40.22 (TeX Live 2021) (preloaded format=pdflatex 2021.8.4)  7 AUG 2023 00:30
entering extended mode
 restricted \write18 enabled.
 file:line:error style messages enabled.
 %&-line parsing enabled.
**"/Users/stsair/repo/githubRepos/math/Core Past paper Latex/HKDSE MATH CORE PAPER 2/HKDSE MATH Core Practice Paper II/HKDSE MATH Core Practice Paper II.tex"
(/Users/stsair/repo/githubRepos/math/Core Past paper Latex/HKDSE MATH CORE PAPER 2/HKDSE MATH Core Practice Paper II/HKDSE MATH Core Practice Paper II.tex
LaTeX2e <2020-10-01> patch level 4
L3 programming layer <2021-02-18> (/usr/local/texlive/2021/texmf-dist/tex/latex/base/article.cls
Document Class: article 2020/04/10 v1.4m Standard LaTeX document class
(/usr/local/texlive/2021/texmf-dist/tex/latex/base/size12.clo
File: size12.clo 2020/04/10 v1.4m Standard LaTeX file (size option)
)
\c@part=\count179
\c@section=\count180
\c@subsection=\count181
\c@subsubsection=\count182
\c@paragraph=\count183
\c@subparagraph=\count184
\c@figure=\count185
\c@table=\count186
\abovecaptionskip=\skip47
\belowcaptionskip=\skip48
\bibindent=\dimen138
) (/usr/local/texlive/2021/texmf-dist/tex/latex/amscls/amsthm.sty
Package: amsthm 2020/05/29 v2.20.6
\thm@style=\toks15
\thm@bodyfont=\toks16
\thm@headfont=\toks17
\thm@notefont=\toks18
\thm@headpunct=\toks19
\thm@preskip=\skip49
\thm@postskip=\skip50
\thm@headsep=\skip51
\dth@everypar=\toks20
) (/usr/local/texlive/2021/texmf-dist/tex/latex/amsfonts/amssymb.sty
Package: amssymb 2013/01/14 v3.01 AMS font symbols
 (/usr/local/texlive/2021/texmf-dist/tex/latex/amsfonts/amsfonts.sty
Package: amsfonts 2013/01/14 v3.01 Basic AMSFonts support
\@emptytoks=\toks21
\symAMSa=\mathgroup4
\symAMSb=\mathgroup5
LaTeX Font Info:    Redeclaring math symbol \hbar on input line 98.
LaTeX Font Info:    Overwriting math alphabet `\mathfrak' in version `bold'
(Font)                  U/euf/m/n --> U/euf/b/n on input line 106.
)) (/usr/local/texlive/2021/texmf-dist/tex/latex/amsmath/amsmath.sty
Package: amsmath 2020/09/23 v2.17i AMS math features
\@mathmargin=\skip52

For additional information on amsmath, use the `?' option.
(/usr/local/texlive/2021/texmf-dist/tex/latex/amsmath/amstext.sty
Package: amstext 2000/06/29 v2.01 AMS text
 (/usr/local/texlive/2021/texmf-dist/tex/latex/amsmath/amsgen.sty
File: amsgen.sty 1999/11/30 v2.0 generic functions
\@emptytoks=\toks22
\ex@=\dimen139
)) (/usr/local/texlive/2021/texmf-dist/tex/latex/amsmath/amsbsy.sty
Package: amsbsy 1999/11/29 v1.2d Bold Symbols
\pmbraise@=\dimen140
) (/usr/local/texlive/2021/texmf-dist/tex/latex/amsmath/amsopn.sty
Package: amsopn 2016/03/08 v2.02 operator names
)
\inf@bad=\count187
LaTeX Info: Redefining \frac on input line 234.
\uproot@=\count188
\leftroot@=\count189
LaTeX Info: Redefining \overline on input line 399.
\classnum@=\count190
\DOTSCASE@=\count191
LaTeX Info: Redefining \ldots on input line 496.
LaTeX Info: Redefining \dots on input line 499.
LaTeX Info: Redefining \cdots on input line 620.
\Mathstrutbox@=\box47
\strutbox@=\box48
\big@size=\dimen141
LaTeX Font Info:    Redeclaring font encoding OML on input line 743.
LaTeX Font Info:    Redeclaring font encoding OMS on input line 744.
\macc@depth=\count192
\c@MaxMatrixCols=\count193
\dotsspace@=\muskip16
\c@parentequation=\count194
\dspbrk@lvl=\count195
\tag@help=\toks23
\row@=\count196
\column@=\count197
\maxfields@=\count198
\andhelp@=\toks24
\eqnshift@=\dimen142
\alignsep@=\dimen143
\tagshift@=\dimen144
\tagwidth@=\dimen145
\totwidth@=\dimen146
\lineht@=\dimen147
\@envbody=\toks25
\multlinegap=\skip53
\multlinetaggap=\skip54
\mathdisplay@stack=\toks26
LaTeX Info: Redefining \[ on input line 2923.
LaTeX Info: Redefining \] on input line 2924.
) (/usr/local/texlive/2021/texmf-dist/tex/generic/systeme/systeme.sty (/usr/local/texlive/2021/texmf-dist/tex/generic/xstring/xstring.sty (/usr/local/texlive/2021/texmf-dist/tex/generic/xstring/xstring.tex
\integerpart=\count199
\decimalpart=\count266
)
Package: xstring 2019/02/06 v1.83 String manipulations (CT)
) (/usr/local/texlive/2021/texmf-dist/tex/generic/systeme/systeme.tex
\SYS_systemecode=\toks27
\SYS_systempreamble=\toks28
\SYSeqnum=\count267
)
Package: systeme 2020/05/03 v0.34 Mise en forme de systemes d'equations (CT)
) (/usr/local/texlive/2021/texmf-dist/tex/latex/adjustbox/adjustbox.sty
Package: adjustbox 2020/08/19 v1.3 Adjusting TeX boxes (trim, clip, ...)
 (/usr/local/texlive/2021/texmf-dist/tex/latex/xkeyval/xkeyval.sty
Package: xkeyval 2020/11/20 v2.8 package option processing (HA)
 (/usr/local/texlive/2021/texmf-dist/tex/generic/xkeyval/xkeyval.tex (/usr/local/texlive/2021/texmf-dist/tex/generic/xkeyval/xkvutils.tex
\XKV@toks=\toks29
\XKV@tempa@toks=\toks30
 (/usr/local/texlive/2021/texmf-dist/tex/generic/xkeyval/keyval.tex))
\XKV@depth=\count268
File: xkeyval.tex 2014/12/03 v2.7a key=value parser (HA)
)) (/usr/local/texlive/2021/texmf-dist/tex/latex/adjustbox/adjcalc.sty
Package: adjcalc 2012/05/16 v1.1 Provides advanced setlength with multiple back-ends (calc, etex, pgfmath)
) (/usr/local/texlive/2021/texmf-dist/tex/latex/adjustbox/trimclip.sty
Package: trimclip 2020/08/19 v1.2 Trim and clip general TeX material
 (/usr/local/texlive/2021/texmf-dist/tex/latex/graphics/graphicx.sty
Package: graphicx 2020/09/09 v1.2b Enhanced LaTeX Graphics (DPC,SPQR)
 (/usr/local/texlive/2021/texmf-dist/tex/latex/graphics/graphics.sty
Package: graphics 2020/08/30 v1.4c Standard LaTeX Graphics (DPC,SPQR)
 (/usr/local/texlive/2021/texmf-dist/tex/latex/graphics/trig.sty
Package: trig 2016/01/03 v1.10 sin cos tan (DPC)
) (/usr/local/texlive/2021/texmf-dist/tex/latex/graphics-cfg/graphics.cfg
File: graphics.cfg 2016/06/04 v1.11 sample graphics configuration
)
Package graphics Info: Driver file: pdftex.def on input line 105.
 (/usr/local/texlive/2021/texmf-dist/tex/latex/graphics-def/pdftex.def
File: pdftex.def 2020/10/05 v1.2a Graphics/color driver for pdftex
))
\Gin@req@height=\dimen148
\Gin@req@width=\dimen149
) (/usr/local/texlive/2021/texmf-dist/tex/latex/collectbox/collectbox.sty
Package: collectbox 2012/05/17 v0.4b Collect macro arguments as boxes
\collectedbox=\box49
)
\tc@llx=\dimen150
\tc@lly=\dimen151
\tc@urx=\dimen152
\tc@ury=\dimen153
Package trimclip Info: Using driver 'tc-pdftex.def'.
 (/usr/local/texlive/2021/texmf-dist/tex/latex/adjustbox/tc-pdftex.def
File: tc-pdftex.def 2019/01/04 v2.2 Clipping driver for pdftex
))
\adjbox@Width=\dimen154
\adjbox@Height=\dimen155
\adjbox@Depth=\dimen156
\adjbox@Totalheight=\dimen157
\adjbox@pwidth=\dimen158
\adjbox@pheight=\dimen159
\adjbox@pdepth=\dimen160
\adjbox@ptotalheight=\dimen161
 (/usr/local/texlive/2021/texmf-dist/tex/latex/ifoddpage/ifoddpage.sty
Package: ifoddpage 2016/04/23 v1.1 Conditionals for odd/even page detection
\c@checkoddpage=\count269
) (/usr/local/texlive/2021/texmf-dist/tex/latex/varwidth/varwidth.sty
Package: varwidth 2009/03/30 ver 0.92;  Variable-width minipages
\@vwid@box=\box50
\sift@deathcycles=\count270
\@vwid@loff=\dimen162
\@vwid@roff=\dimen163
)) (/usr/local/texlive/2021/texmf-dist/tex/latex/float/float.sty
Package: float 2001/11/08 v1.3d Float enhancements (AL)
\c@float@type=\count271
\float@exts=\toks31
\float@box=\box51
\@float@everytoks=\toks32
\@floatcapt=\box52
) (/usr/local/texlive/2021/texmf-dist/tex/latex/wrapfig/wrapfig.sty
\wrapoverhang=\dimen164
\WF@size=\dimen165
\c@WF@wrappedlines=\count272
\WF@box=\box53
\WF@everypar=\toks33
Package: wrapfig 2003/01/31  v 3.6
) (/usr/local/texlive/2021/texmf-dist/tex/latex/tools/tabularx.sty
Package: tabularx 2020/01/15 v2.11c `tabularx' package (DPC)
 (/usr/local/texlive/2021/texmf-dist/tex/latex/tools/array.sty
Package: array 2020/10/01 v2.5c Tabular extension package (FMi)
\col@sep=\dimen166
\ar@mcellbox=\box54
\extrarowheight=\dimen167
\NC@list=\toks34
\extratabsurround=\skip55
\backup@length=\skip56
\ar@cellbox=\box55
)
\TX@col@width=\dimen168
\TX@old@table=\dimen169
\TX@old@col=\dimen170
\TX@target=\dimen171
\TX@delta=\dimen172
\TX@cols=\count273
\TX@ftn=\toks35
) (/usr/local/texlive/2021/texmf-dist/tex/latex/enumitem/enumitem.sty
Package: enumitem 2019/06/20 v3.9 Customized lists
\enitkv@toks@=\toks36
\labelindent=\skip57
\enit@outerparindent=\dimen173
\enit@toks=\toks37
\enit@inbox=\box56
\enit@count@id=\count274
\enitdp@description=\count275
) (/usr/local/texlive/2021/texmf-dist/tex/latex/l3backend/l3backend-pdftex.def
File: l3backend-pdftex.def 2021-03-18 L3 backend support: PDF output (pdfTeX)
\l__color_backend_stack_int=\count276
\l__pdf_internal_box=\box57
) (/Users/stsair/repo/githubRepos/math/Core Past paper Latex/HKDSE MATH CORE PAPER 2/HKDSE MATH Core Practice Paper II/HKDSE MATH Core Practice Paper II.aux)
\openout1 = `"HKDSE MATH Core Practice Paper II.aux"'.

LaTeX Font Info:    Checking defaults for OML/cmm/m/it on input line 37.
LaTeX Font Info:    ... okay on input line 37.
LaTeX Font Info:    Checking defaults for OMS/cmsy/m/n on input line 37.
LaTeX Font Info:    ... okay on input line 37.
LaTeX Font Info:    Checking defaults for OT1/cmr/m/n on input line 37.
LaTeX Font Info:    ... okay on input line 37.
LaTeX Font Info:    Checking defaults for T1/cmr/m/n on input line 37.
LaTeX Font Info:    ... okay on input line 37.
LaTeX Font Info:    Checking defaults for TS1/cmr/m/n on input line 37.
LaTeX Font Info:    ... okay on input line 37.
LaTeX Font Info:    Checking defaults for OMX/cmex/m/n on input line 37.
LaTeX Font Info:    ... okay on input line 37.
LaTeX Font Info:    Checking defaults for U/cmr/m/n on input line 37.
LaTeX Font Info:    ... okay on input line 37.
 (/usr/local/texlive/2021/texmf-dist/tex/context/base/mkii/supp-pdf.mkii
[Loading MPS to PDF converter (version 2006.09.02).]
\scratchcounter=\count277
\scratchdimen=\dimen174
\scratchbox=\box58
\nofMPsegments=\count278
\nofMParguments=\count279
\everyMPshowfont=\toks38
\MPscratchCnt=\count280
\MPscratchDim=\dimen175
\MPnumerator=\count281
\makeMPintoPDFobject=\count282
\everyMPtoPDFconversion=\toks39
) (/usr/local/texlive/2021/texmf-dist/tex/latex/epstopdf-pkg/epstopdf-base.sty
Package: epstopdf-base 2020-01-24 v2.11 Base part for package epstopdf
Package epstopdf-base Info: Redefining graphics rule for `.eps' on input line 485.
 (/usr/local/texlive/2021/texmf-dist/tex/latex/latexconfig/epstopdf-sys.cfg
File: epstopdf-sys.cfg 2010/07/13 v1.3 Configuration of (r)epstopdf for TeX Live
))
LaTeX Font Info:    Trying to load font information for U+msa on input line 48.
 (/usr/local/texlive/2021/texmf-dist/tex/latex/amsfonts/umsa.fd
File: umsa.fd 2013/01/14 v3.01 AMS symbols A
)
LaTeX Font Info:    Trying to load font information for U+msb on input line 48.
 (/usr/local/texlive/2021/texmf-dist/tex/latex/amsfonts/umsb.fd
File: umsb.fd 2013/01/14 v3.01 AMS symbols B
) [1

{/usr/local/texlive/2021/texmf-var/fonts/map/pdftex/updmap/pdftex.map}]

LaTeX Warning: File `SPFigure2.8.png' not found on input line 127.


/Users/stsair/repo/githubRepos/math/Core Past paper Latex/HKDSE MATH CORE PAPER 2/HKDSE MATH Core Practice Paper II/HKDSE MATH Core Practice Paper II.tex:127: Package pdftex.def Error: File `SPFigure2.8.png' not found: using draft setting.

See the pdftex.def package documentation for explanation.
Type  H <return>  for immediate help.
 ...                                              
                                                  
l.127 ...cludegraphics[scale=0.8]{SPFigure2.8.png}
                                                  
Try typing  <return>  to proceed.
If that doesn't work, type  X <return>  to quit.

[2] [3]

LaTeX Warning: File `SPFigure2.16.png' not found on input line 198.


/Users/stsair/repo/githubRepos/math/Core Past paper Latex/HKDSE MATH CORE PAPER 2/HKDSE MATH Core Practice Paper II/HKDSE MATH Core Practice Paper II.tex:198: Package pdftex.def Error: File `SPFigure2.16.png' not found: using draft setting.

See the pdftex.def package documentation for explanation.
Type  H <return>  for immediate help.
 ...                                              
                                                  
l.198 ...[width = 0.3\textwidth]{SPFigure2.16.png}
                                                  	
Try typing  <return>  to proceed.
If that doesn't work, type  X <return>  to quit.


LaTeX Warning: File `SPFigure2.17.png' not found on input line 211.


/Users/stsair/repo/githubRepos/math/Core Past paper Latex/HKDSE MATH CORE PAPER 2/HKDSE MATH Core Practice Paper II/HKDSE MATH Core Practice Paper II.tex:211: Package pdftex.def Error: File `SPFigure2.17.png' not found: using draft setting.

See the pdftex.def package documentation for explanation.
Type  H <return>  for immediate help.
 ...                                              
                                                  
l.211 ...[width = 0.7\textwidth]{SPFigure2.17.png}
                                                  	
Try typing  <return>  to proceed.
If that doesn't work, type  X <return>  to quit.


Underfull \hbox (badness 10000) in paragraph at lines 207--212

 []

[4]

LaTeX Warning: File `SPFigure2.18.png' not found on input line 225.


/Users/stsair/repo/githubRepos/math/Core Past paper Latex/HKDSE MATH CORE PAPER 2/HKDSE MATH Core Practice Paper II/HKDSE MATH Core Practice Paper II.tex:225: Package pdftex.def Error: File `SPFigure2.18.png' not found: using draft setting.

See the pdftex.def package documentation for explanation.
Type  H <return>  for immediate help.
 ...                                              
                                                  
l.225 ...[width = 0.7\textwidth]{SPFigure2.18.png}
                                                  	
Try typing  <return>  to proceed.
If that doesn't work, type  X <return>  to quit.

[5]

LaTeX Warning: File `SPFigure2.20.png' not found on input line 247.


/Users/stsair/repo/githubRepos/math/Core Past paper Latex/HKDSE MATH CORE PAPER 2/HKDSE MATH Core Practice Paper II/HKDSE MATH Core Practice Paper II.tex:247: Package pdftex.def Error: File `SPFigure2.20.png' not found: using draft setting.

See the pdftex.def package documentation for explanation.
Type  H <return>  for immediate help.
 ...                                              
                                                  
l.247 ...[width = 0.7\textwidth]{SPFigure2.20.png}
                                                  	
Try typing  <return>  to proceed.
If that doesn't work, type  X <return>  to quit.

[6]

LaTeX Warning: File `SPFigure2.21.png' not found on input line 260.


/Users/stsair/repo/githubRepos/math/Core Past paper Latex/HKDSE MATH CORE PAPER 2/HKDSE MATH Core Practice Paper II/HKDSE MATH Core Practice Paper II.tex:260: Package pdftex.def Error: File `SPFigure2.21.png' not found: using draft setting.

See the pdftex.def package documentation for explanation.
Type  H <return>  for immediate help.
 ...                                              
                                                  
l.260 ...[width = 0.7\textwidth]{SPFigure2.21.png}
                                                  	
Try typing  <return>  to proceed.
If that doesn't work, type  X <return>  to quit.

[7]

LaTeX Warning: File `SPFigure2.22.png' not found on input line 273.


/Users/stsair/repo/githubRepos/math/Core Past paper Latex/HKDSE MATH CORE PAPER 2/HKDSE MATH Core Practice Paper II/HKDSE MATH Core Practice Paper II.tex:273: Package pdftex.def Error: File `SPFigure2.22.png' not found: using draft setting.

See the pdftex.def package documentation for explanation.
Type  H <return>  for immediate help.
 ...                                              
                                                  
l.273 ...[width = 0.7\textwidth]{SPFigure2.22.png}
                                                  	
Try typing  <return>  to proceed.
If that doesn't work, type  X <return>  to quit.

[8]

LaTeX Warning: File `SPFigure2.23.png' not found on input line 286.


/Users/stsair/repo/githubRepos/math/Core Past paper Latex/HKDSE MATH CORE PAPER 2/HKDSE MATH Core Practice Paper II/HKDSE MATH Core Practice Paper II.tex:286: Package pdftex.def Error: File `SPFigure2.23.png' not found: using draft setting.

See the pdftex.def package documentation for explanation.
Type  H <return>  for immediate help.
 ...                                              
                                                  
l.286 ...[width = 0.7\textwidth]{SPFigure2.23.png}
                                                  	
Try typing  <return>  to proceed.
If that doesn't work, type  X <return>  to quit.

[9]

LaTeX Warning: File `SPFigure2.24.png' not found on input line 299.


/Users/stsair/repo/githubRepos/math/Core Past paper Latex/HKDSE MATH CORE PAPER 2/HKDSE MATH Core Practice Paper II/HKDSE MATH Core Practice Paper II.tex:299: Package pdftex.def Error: File `SPFigure2.24.png' not found: using draft setting.

See the pdftex.def package documentation for explanation.
Type  H <return>  for immediate help.
 ...                                              
                                                  
l.299 ...[width = 0.7\textwidth]{SPFigure2.24.png}
                                                  	
Try typing  <return>  to proceed.
If that doesn't work, type  X <return>  to quit.

[10]

LaTeX Warning: File `SPFigure2.25.png' not found on input line 312.


/Users/stsair/repo/githubRepos/math/Core Past paper Latex/HKDSE MATH CORE PAPER 2/HKDSE MATH Core Practice Paper II/HKDSE MATH Core Practice Paper II.tex:312: Package pdftex.def Error: File `SPFigure2.25.png' not found: using draft setting.

See the pdftex.def package documentation for explanation.
Type  H <return>  for immediate help.
 ...                                              
                                                  
l.312 ...[width = 0.7\textwidth]{SPFigure2.25.png}
                                                  	
Try typing  <return>  to proceed.
If that doesn't work, type  X <return>  to quit.

[11]

LaTeX Warning: File `SPFigure2.27.png' not found on input line 334.


/Users/stsair/repo/githubRepos/math/Core Past paper Latex/HKDSE MATH CORE PAPER 2/HKDSE MATH Core Practice Paper II/HKDSE MATH Core Practice Paper II.tex:334: Package pdftex.def Error: File `SPFigure2.27.png' not found: using draft setting.

See the pdftex.def package documentation for explanation.
Type  H <return>  for immediate help.
 ...                                              
                                                  
l.334 ...[width = 0.7\textwidth]{SPFigure2.27.png}
                                                  	
Try typing  <return>  to proceed.
If that doesn't work, type  X <return>  to quit.

[12] [13]

LaTeX Warning: File `SPFigure2.32.png' not found on input line 409.


/Users/stsair/repo/githubRepos/math/Core Past paper Latex/HKDSE MATH CORE PAPER 2/HKDSE MATH Core Practice Paper II/HKDSE MATH Core Practice Paper II.tex:409: Package pdftex.def Error: File `SPFigure2.32.png' not found: using draft setting.

See the pdftex.def package documentation for explanation.
Type  H <return>  for immediate help.
 ...                                              
                                                  
l.409 ...[width = 0.7\textwidth]{SPFigure2.32.png}
                                                  	
Try typing  <return>  to proceed.
If that doesn't work, type  X <return>  to quit.

[14] [15]

LaTeX Warning: File `SPFigure2.37.png' not found on input line 463.


/Users/stsair/repo/githubRepos/math/Core Past paper Latex/HKDSE MATH CORE PAPER 2/HKDSE MATH Core Practice Paper II/HKDSE MATH Core Practice Paper II.tex:463: Package pdftex.def Error: File `SPFigure2.37.png' not found: using draft setting.

See the pdftex.def package documentation for explanation.
Type  H <return>  for immediate help.
 ...                                              
                                                  
l.463 ...[width = 0.7\textwidth]{SPFigure2.37.png}
                                                  	
Try typing  <return>  to proceed.
If that doesn't work, type  X <return>  to quit.

[16]

LaTeX Warning: File `SPFigure2.38.png' not found on input line 476.


/Users/stsair/repo/githubRepos/math/Core Past paper Latex/HKDSE MATH CORE PAPER 2/HKDSE MATH Core Practice Paper II/HKDSE MATH Core Practice Paper II.tex:476: Package pdftex.def Error: File `SPFigure2.38.png' not found: using draft setting.

See the pdftex.def package documentation for explanation.
Type  H <return>  for immediate help.
 ...                                              
                                                  
l.476 ...[width = 0.7\textwidth]{SPFigure2.38.png}
                                                  	
Try typing  <return>  to proceed.
If that doesn't work, type  X <return>  to quit.

[17]

LaTeX Warning: File `SPFigure2.40.png' not found on input line 498.


/Users/stsair/repo/githubRepos/math/Core Past paper Latex/HKDSE MATH CORE PAPER 2/HKDSE MATH Core Practice Paper II/HKDSE MATH Core Practice Paper II.tex:498: Package pdftex.def Error: File `SPFigure2.40.png' not found: using draft setting.

See the pdftex.def package documentation for explanation.
Type  H <return>  for immediate help.
 ...                                              
                                                  
l.498 ...[width = 0.7\textwidth]{SPFigure2.40.png}
                                                  	
Try typing  <return>  to proceed.
If that doesn't work, type  X <return>  to quit.

[18]

LaTeX Warning: File `SPFigure2.41.png' not found on input line 511.


/Users/stsair/repo/githubRepos/math/Core Past paper Latex/HKDSE MATH CORE PAPER 2/HKDSE MATH Core Practice Paper II/HKDSE MATH Core Practice Paper II.tex:511: Package pdftex.def Error: File `SPFigure2.41.png' not found: using draft setting.

See the pdftex.def package documentation for explanation.
Type  H <return>  for immediate help.
 ...                                              
                                                  
l.511 ...[width = 0.7\textwidth]{SPFigure2.41.png}
                                                  	
Try typing  <return>  to proceed.
If that doesn't work, type  X <return>  to quit.

[19]

LaTeX Warning: File `SPFigure2.42.png' not found on input line 524.


/Users/stsair/repo/githubRepos/math/Core Past paper Latex/HKDSE MATH CORE PAPER 2/HKDSE MATH Core Practice Paper II/HKDSE MATH Core Practice Paper II.tex:524: Package pdftex.def Error: File `SPFigure2.42.png' not found: using draft setting.

See the pdftex.def package documentation for explanation.
Type  H <return>  for immediate help.
 ...                                              
                                                  
l.524 ...[width = 0.7\textwidth]{SPFigure2.42.png}
                                                  	
Try typing  <return>  to proceed.
If that doesn't work, type  X <return>  to quit.

[20] [21] [22] (/Users/stsair/repo/githubRepos/math/Core Past paper Latex/HKDSE MATH CORE PAPER 2/HKDSE MATH Core Practice Paper II/HKDSE MATH Core Practice Paper II.aux)

LaTeX Warning: Label(s) may have changed. Rerun to get cross-references right.

 ) 
Here is how much of TeX's memory you used:
 4760 strings out of 478994
 71473 string characters out of 5858185
 367447 words of memory out of 5000000
 22149 multiletter control sequences out of 15000+600000
 409493 words of font info for 50 fonts, out of 8000000 for 9000
 1141 hyphenation exceptions out of 8191
 97i,9n,102p,556b,497s stack positions out of 5000i,500n,10000p,200000b,80000s
{/usr/local/texlive/2021/texmf-dist/fonts/enc/dvips/cm-super/cm-super-ts1.enc}</usr/local/texlive/2021/texmf-dist/fonts/type1/public/amsfonts/cm/cmbx12.pfb></usr/local/texlive/2021/texmf-dist/fonts/type1/public/amsfonts/cm/cmex10.pfb></usr/local/texlive/2021/texmf-dist/fonts/type1/public/amsfonts/cm/cmmi12.pfb></usr/local/texlive/2021/texmf-dist/fonts/type1/public/amsfonts/cm/cmmi8.pfb></usr/local/texlive/2021/texmf-dist/fonts/type1/public/amsfonts/cm/cmr12.pfb></usr/local/texlive/2021/texmf-dist/fonts/type1/public/amsfonts/cm/cmr8.pfb></usr/local/texlive/2021/texmf-dist/fonts/type1/public/amsfonts/cm/cmsy10.pfb></usr/local/texlive/2021/texmf-dist/fonts/type1/public/amsfonts/cm/cmsy8.pfb></usr/local/texlive/2021/texmf-dist/fonts/type1/public/amsfonts/cm/cmtt12.pfb></usr/local/texlive/2021/texmf-dist/fonts/type1/public/amsfonts/symbols/msam10.pfb></usr/local/texlive/2021/texmf-dist/fonts/type1/public/cm-super/sfrm1200.pfb>
Output written on "/Users/stsair/repo/githubRepos/math/Core Past paper Latex/HKDSE MATH CORE PAPER 2/HKDSE MATH Core Practice Paper II/HKDSE MATH Core Practice Paper II.pdf" (22 pages, 122211 bytes).
PDF statistics:
 120 PDF objects out of 1000 (max. 8388607)
 84 compressed objects within 1 object stream
 0 named destinations out of 1000 (max. 500000)
 1 words of extra memory for PDF output out of 10000 (max. 10000000)

